# JRE version: OpenJDK Runtime Environment (8.0_242-b01) (build 1.8.0_242-release-1644-b01)
# Java VM: OpenJDK 64-Bit Server VM (25.242-b01 mixed mode windows-amd64 compressed oops)
Heap:
 PSYoungGen      total 93184K, used 9798K [0x00000000d5580000, 0x00000000dc680000, 0x0000000100000000)
  eden space 88064K, 11% used [0x00000000d5580000,0x00000000d5f11a58,0x00000000dab80000)
  from space 5120K, 0% used [0x00000000dc180000,0x00000000dc180000,0x00000000dc680000)
  to   space 12288K, 0% used [0x00000000dae80000,0x00000000dae80000,0x00000000dba80000)
 ParOldGen       total 69120K, used 15135K [0x0000000080000000, 0x0000000084380000, 0x00000000d5580000)
  object space 69120K, 21% used [0x0000000080000000,0x0000000080ec7cc0,0x0000000084380000)
 Metaspace       used 35522K, capacity 36536K, committed 36784K, reserved 1081344K
  class space    used 4724K, capacity 5031K, committed 5040K, reserved 1048576K
GC Heap History (10 events):
Event: 4.286 GC heap before
{Heap before GC invocations=6 (full 1):
 PSYoungGen      total 57344K, used 7621K [0x00000000d5580000, 0x00000000dcd80000, 0x0000000100000000)
  eden space 49152K, 0% used [0x00000000d5580000,0x00000000d5580000,0x00000000d8580000)
  from space 8192K, 93% used [0x00000000d8580000,0x00000000d8cf1478,0x00000000d8d80000)
  to   space 12288K, 0% used [0x00000000dc180000,0x00000000dc180000,0x00000000dcd80000)
 ParOldGen       total 131072K, used 3835K [0x0000000080000000, 0x0000000088000000, 0x00000000d5580000)
  object space 131072K, 2% used [0x0000000080000000,0x00000000803bedf0,0x0000000088000000)
 Metaspace       used 20594K, capacity 21226K, committed 21296K, reserved 1067008K
  class space    used 2892K, capacity 3095K, committed 3120K, reserved 1048576K
Event: 4.343 GC heap after
Heap after GC invocations=6 (full 1):
 PSYoungGen      total 57344K, used 0K [0x00000000d5580000, 0x00000000dcd80000, 0x0000000100000000)
  eden space 49152K, 0% used [0x00000000d5580000,0x00000000d5580000,0x00000000d8580000)
  from space 8192K, 0% used [0x00000000d8580000,0x00000000d8580000,0x00000000d8d80000)
  to   space 12288K, 0% used [0x00000000dc180000,0x00000000dc180000,0x00000000dcd80000)
 ParOldGen       total 69120K, used 7913K [0x0000000080000000, 0x0000000084380000, 0x00000000d5580000)
  object space 69120K, 11% used [0x0000000080000000,0x00000000807ba788,0x0000000084380000)
 Metaspace       used 20594K, capacity 21226K, committed 21296K, reserved 1067008K
  class space    used 2892K, capacity 3095K, committed 3120K, reserved 1048576K
}
Event: 4.760 GC heap before
{Heap before GC invocations=7 (full 1):
 PSYoungGen      total 57344K, used 49152K [0x00000000d5580000, 0x00000000dcd80000, 0x0000000100000000)
  eden space 49152K, 100% used [0x00000000d5580000,0x00000000d8580000,0x00000000d8580000)
  from space 8192K, 0% used [0x00000000d8580000,0x00000000d8580000,0x00000000d8d80000)
  to   space 12288K, 0% used [0x00000000dc180000,0x00000000dc180000,0x00000000dcd80000)
 ParOldGen       total 69120K, used 7913K [0x0000000080000000, 0x0000000084380000, 0x00000000d5580000)
  object space 69120K, 11% used [0x0000000080000000,0x00000000807ba788,0x0000000084380000)
 Metaspace       used 24410K, capacity 25164K, committed 25520K, reserved 1071104K
  class space    used 3484K, capacity 3721K, committed 3760K, reserved 1048576K
Event: 4.766 GC heap after
Heap after GC invocations=7 (full 1):
 PSYoungGen      total 93184K, used 4934K [0x00000000d5580000, 0x00000000dc680000, 0x0000000100000000)
  eden space 88064K, 0% used [0x00000000d5580000,0x00000000d5580000,0x00000000dab80000)
  from space 5120K, 96% used [0x00000000dc180000,0x00000000dc651a30,0x00000000dc680000)
  to   space 12288K, 0% used [0x00000000dae80000,0x00000000dae80000,0x00000000dba80000)
 ParOldGen       total 69120K, used 7921K [0x0000000080000000, 0x0000000084380000, 0x00000000d5580000)
  object space 69120K, 11% used [0x0000000080000000,0x00000000807bc788,0x0000000084380000)
 Metaspace       used 24410K, capacity 25164K, committed 25520K, reserved 1071104K
  class space    used 3484K, capacity 3721K, committed 3760K, reserved 1048576K
}
Event: 6.416 GC heap before
{Heap before GC invocations=8 (full 1):
 PSYoungGen      total 93184K, used 92998K [0x00000000d5580000, 0x00000000dc680000, 0x0000000100000000)
  eden space 88064K, 100% used [0x00000000d5580000,0x00000000dab80000,0x00000000dab80000)
  from space 5120K, 96% used [0x00000000dc180000,0x00000000dc651a30,0x00000000dc680000)
  to   space 12288K, 0% used [0x00000000dae80000,0x00000000dae80000,0x00000000dba80000)
 ParOldGen       total 69120K, used 7921K [0x0000000080000000, 0x0000000084380000, 0x00000000d5580000)
  object space 69120K, 11% used [0x0000000080000000,0x00000000807bc788,0x0000000084380000)
 Metaspace       used 32655K, capacity 33586K, committed 33712K, reserved 1079296K
  class space    used 4409K, capacity 4670K, committed 4784K, reserved 1048576K
Event: 6.428 GC heap after
Heap after GC invocations=8 (full 1):
 PSYoungGen      total 100352K, used 10225K [0x00000000d5580000, 0x00000000dc680000, 0x0000000100000000)
  eden space 88064K, 0% used [0x00000000d5580000,0x00000000d5580000,0x00000000dab80000)
  from space 12288K, 83% used [0x00000000dae80000,0x00000000db87c428,0x00000000dba80000)
  to   space 5120K, 0% used [0x00000000dc180000,0x00000000dc180000,0x00000000dc680000)
 ParOldGen       total 69120K, used 7929K [0x0000000080000000, 0x0000000084380000, 0x00000000d5580000)
  object space 69120K, 11% used [0x0000000080000000,0x00000000807be788,0x0000000084380000)
 Metaspace       used 32655K, capacity 33586K, committed 33712K, reserved 1079296K
  class space    used 4409K, capacity 4670K, committed 4784K, reserved 1048576K
}
Event: 6.673 GC heap before
{Heap before GC invocations=9 (full 1):
 PSYoungGen      total 100352K, used 26436K [0x00000000d5580000, 0x00000000dc680000, 0x0000000100000000)
  eden space 88064K, 18% used [0x00000000d5580000,0x00000000d6554c78,0x00000000dab80000)
  from space 12288K, 83% used [0x00000000dae80000,0x00000000db87c428,0x00000000dba80000)
  to   space 5120K, 0% used [0x00000000dc180000,0x00000000dc180000,0x00000000dc680000)
 ParOldGen       total 69120K, used 7929K [0x0000000080000000, 0x0000000084380000, 0x00000000d5580000)
  object space 69120K, 11% used [0x0000000080000000,0x00000000807be788,0x0000000084380000)
 Metaspace       used 34450K, capacity 35416K, committed 35496K, reserved 1079296K
  class space    used 4610K, capacity 4871K, committed 4912K, reserved 1048576K
Event: 6.680 GC heap after
Heap after GC invocations=9 (full 1):
 PSYoungGen      total 93184K, used 5120K [0x00000000d5580000, 0x00000000dc680000, 0x0000000100000000)
  eden space 88064K, 0% used [0x00000000d5580000,0x00000000d5580000,0x00000000dab80000)
  from space 5120K, 100% used [0x00000000dc180000,0x00000000dc680000,0x00000000dc680000)
  to   space 12288K, 0% used [0x00000000dae80000,0x00000000dae80000,0x00000000dba80000)
 ParOldGen       total 69120K, used 10790K [0x0000000080000000, 0x0000000084380000, 0x00000000d5580000)
  object space 69120K, 15% used [0x0000000080000000,0x0000000080a89a48,0x0000000084380000)
 Metaspace       used 34450K, capacity 35416K, committed 35496K, reserved 1079296K
  class space    used 4610K, capacity 4871K, committed 4912K, reserved 1048576K
}
Event: 6.680 GC heap before
{Heap before GC invocations=10 (full 2):
 PSYoungGen      total 93184K, used 5120K [0x00000000d5580000, 0x00000000dc680000, 0x0000000100000000)
  eden space 88064K, 0% used [0x00000000d5580000,0x00000000d5580000,0x00000000dab80000)
  from space 5120K, 100% used [0x00000000dc180000,0x00000000dc680000,0x00000000dc680000)
  to   space 12288K, 0% used [0x00000000dae80000,0x00000000dae80000,0x00000000dba80000)
 ParOldGen       total 69120K, used 10790K [0x0000000080000000, 0x0000000084380000, 0x00000000d5580000)
  object space 69120K, 15% used [0x0000000080000000,0x0000000080a89a48,0x0000000084380000)
 Metaspace       used 34450K, capacity 35416K, committed 35496K, reserved 1079296K
  class space    used 4610K, capacity 4871K, committed 4912K, reserved 1048576K
Event: 6.810 GC heap after
Heap after GC invocations=10 (full 2):
 PSYoungGen      total 93184K, used 0K [0x00000000d5580000, 0x00000000dc680000, 0x0000000100000000)
  eden space 88064K, 0% used [0x00000000d5580000,0x00000000d5580000,0x00000000dab80000)
  from space 5120K, 0% used [0x00000000dc180000,0x00000000dc180000,0x00000000dc680000)
  to   space 12288K, 0% used [0x00000000dae80000,0x00000000dae80000,0x00000000dba80000)
 ParOldGen       total 69120K, used 15135K [0x0000000080000000, 0x0000000084380000, 0x00000000d5580000)
  object space 69120K, 21% used [0x0000000080000000,0x0000000080ec7cc0,0x0000000084380000)
 Metaspace       used 34450K, capacity 35416K, committed 35496K, reserved 1079296K
  class space    used 4610K, capacity 4871K, committed 4912K, reserved 1048576K
}

